app/build/intermediates/manifest_merge_blame_file/debug/manifest-merger-blame-debug-report.txt
1<?xml version="1.0" encoding="utf-8"?>
2<!--
3  ~ ************************************************************************************************
4  ~ * © 2020-2023 Qualcomm Technologies, Inc. and/or its subsidiaries. All rights reserved.        *
5  ~ ************************************************************************************************
6-->
7<manifest xmlns:android="http://schemas.android.com/apk/res/android"
8    package="com.qualcomm.qti.gaiaclient"
9    android:versionCode="110"
10    android:versionName="1.0.110" >
11
12    <uses-sdk
13        android:minSdkVersion="27"
13-->src\main\AndroidManifest.xml
14        android:targetSdkVersion="33" />
14-->src\main\AndroidManifest.xml
15
16    <!--
17         Location permissions
18            required to scan for Bluetooth devices for SDK <= API 30
19    -->
20    <uses-permission
20-->src\main\AndroidManifest.xml:13:5-108
21        android:name="android.permission.ACCESS_COARSE_LOCATION"
21-->src\main\AndroidManifest.xml:13:22-78
22        android:maxSdkVersion="28" />
22-->src\main\AndroidManifest.xml:13:79-105
23    <uses-permission
23-->src\main\AndroidManifest.xml:14:5-106
24        android:name="android.permission.ACCESS_FINE_LOCATION"
24-->src\main\AndroidManifest.xml:14:22-76
25        android:maxSdkVersion="30" />
25-->src\main\AndroidManifest.xml:14:77-103
26
27    <!-- Bluetooth Legacy permissions for Android devices <= API 30 -->
28    <!-- to scan for Bluetooth devices and connect to them. -->
29    <uses-permission
29-->src\main\AndroidManifest.xml:18:5-95
30        android:name="android.permission.BLUETOOTH"
30-->src\main\AndroidManifest.xml:18:22-65
31        android:maxSdkVersion="30" />
31-->src\main\AndroidManifest.xml:18:66-92
32    <!-- to fetch SDP records and access UUIDs. -->
33    <uses-permission
33-->src\main\AndroidManifest.xml:20:5-101
34        android:name="android.permission.BLUETOOTH_ADMIN"
34-->src\main\AndroidManifest.xml:20:22-71
35        android:maxSdkVersion="30" />
35-->src\main\AndroidManifest.xml:20:72-98
36
37    <!-- Bluetooth permissions for Android devices > API 30 -->
38    <!-- To scan for devices -->
39    <uses-permission
39-->src\main\AndroidManifest.xml:24:5-25:58
40        android:name="android.permission.BLUETOOTH_SCAN"
40-->src\main\AndroidManifest.xml:24:22-70
41        android:usesPermissionFlags="neverForLocation" />
41-->src\main\AndroidManifest.xml:25:9-55
42    <!-- to access BluetoothDevice data (scan result for classic devices) and connect to devices. -->
43    <uses-permission android:name="android.permission.BLUETOOTH_CONNECT" />
43-->src\main\AndroidManifest.xml:27:5-76
43-->src\main\AndroidManifest.xml:27:22-73
44
45    <!-- to load upgrade files from a server -->
46    <uses-permission android:name="android.permission.ACCESS_NETWORK_STATE" />
46-->src\main\AndroidManifest.xml:30:5-79
46-->src\main\AndroidManifest.xml:30:22-76
47    <uses-permission android:name="android.permission.INTERNET" />
47-->src\main\AndroidManifest.xml:31:5-67
47-->src\main\AndroidManifest.xml:31:22-64
48
49    <!-- The app is only compatible with Android devices that have Bluetooth -->
50    <uses-feature
50-->src\main\AndroidManifest.xml:34:5-87
51        android:name="android.hardware.bluetooth"
51-->src\main\AndroidManifest.xml:34:19-60
52        android:required="true" />
52-->src\main\AndroidManifest.xml:34:61-84
53
54    <permission
54-->[androidx.core:core:1.9.0] AndroidManifest.xml:22:5-24:47
55        android:name="com.qualcomm.qti.gaiaclient.DYNAMIC_RECEIVER_NOT_EXPORTED_PERMISSION"
55-->[androidx.core:core:1.9.0] AndroidManifest.xml:23:9-81
56        android:protectionLevel="signature" />
56-->[androidx.core:core:1.9.0] AndroidManifest.xml:24:9-44
57
58    <uses-permission android:name="com.qualcomm.qti.gaiaclient.DYNAMIC_RECEIVER_NOT_EXPORTED_PERMISSION" />
58-->[androidx.core:core:1.9.0] AndroidManifest.xml:26:5-97
58-->[androidx.core:core:1.9.0] AndroidManifest.xml:26:22-94
59
60    <application
60-->src\main\AndroidManifest.xml:36:5-66:19
61        android:name="com.qualcomm.qti.gaiaclient.GaiaClientApplication"
61-->src\main\AndroidManifest.xml:37:9-46
62        android:allowBackup="true"
62-->src\main\AndroidManifest.xml:38:9-35
63        android:appComponentFactory="androidx.core.app.CoreComponentFactory"
63-->[androidx.core:core:1.9.0] AndroidManifest.xml:28:18-86
64        android:debuggable="true"
65        android:extractNativeLibs="false"
66        android:icon="@mipmap/ic_launcher"
66-->src\main\AndroidManifest.xml:39:9-43
67        android:label="@string/app_name"
67-->src\main\AndroidManifest.xml:40:9-41
68        android:networkSecurityConfig="@xml/network_security_config"
68-->src\main\AndroidManifest.xml:41:9-69
69        android:roundIcon="@mipmap/ic_launcher_round"
69-->src\main\AndroidManifest.xml:42:9-54
70        android:supportsRtl="true"
70-->src\main\AndroidManifest.xml:43:9-35
71        android:testOnly="true"
72        android:theme="@style/AppTheme" >
72-->src\main\AndroidManifest.xml:44:9-40
73        <activity
73-->src\main\AndroidManifest.xml:47:9-54:20
74            android:name="com.qualcomm.qti.gaiaclient.ui.MainActivity"
74-->src\main\AndroidManifest.xml:48:13-44
75            android:exported="true" >
75-->src\main\AndroidManifest.xml:49:13-36
76            <intent-filter>
76-->src\main\AndroidManifest.xml:50:13-53:29
77                <action android:name="android.intent.action.MAIN" />
77-->src\main\AndroidManifest.xml:51:17-69
77-->src\main\AndroidManifest.xml:51:25-66
78
79                <category android:name="android.intent.category.LAUNCHER" />
79-->src\main\AndroidManifest.xml:52:17-77
79-->src\main\AndroidManifest.xml:52:27-74
80            </intent-filter>
81        </activity>
82
83        <provider
84            android:name="androidx.core.content.FileProvider"
84-->src\main\AndroidManifest.xml:57:13-62
85            android:authorities="com.qualcomm.qti.gaiaclient.fileprovider"
85-->src\main\AndroidManifest.xml:58:13-64
86            android:exported="false"
86-->src\main\AndroidManifest.xml:60:13-37
87            android:grantUriPermissions="true" >
87-->src\main\AndroidManifest.xml:59:13-47
88            <meta-data
88-->src\main\AndroidManifest.xml:61:13-63:54
89                android:name="android.support.FILE_PROVIDER_PATHS"
89-->src\main\AndroidManifest.xml:62:17-67
90                android:resource="@xml/file_paths" />
90-->src\main\AndroidManifest.xml:63:17-51
91        </provider>
92        <provider
92-->[androidx.emoji2:emoji2:1.2.0] AndroidManifest.xml:24:9-32:20
93            android:name="androidx.startup.InitializationProvider"
93-->[androidx.emoji2:emoji2:1.2.0] AndroidManifest.xml:25:13-67
94            android:authorities="com.qualcomm.qti.gaiaclient.androidx-startup"
94-->[androidx.emoji2:emoji2:1.2.0] AndroidManifest.xml:26:13-68
95            android:exported="false" >
95-->[androidx.emoji2:emoji2:1.2.0] AndroidManifest.xml:27:13-37
96            <meta-data
96-->[androidx.emoji2:emoji2:1.2.0] AndroidManifest.xml:29:13-31:52
97                android:name="androidx.emoji2.text.EmojiCompatInitializer"
97-->[androidx.emoji2:emoji2:1.2.0] AndroidManifest.xml:30:17-75
98                android:value="androidx.startup" />
98-->[androidx.emoji2:emoji2:1.2.0] AndroidManifest.xml:31:17-49
99            <meta-data
99-->[androidx.lifecycle:lifecycle-process:2.4.1] AndroidManifest.xml:31:13-33:52
100                android:name="androidx.lifecycle.ProcessLifecycleInitializer"
100-->[androidx.lifecycle:lifecycle-process:2.4.1] AndroidManifest.xml:32:17-78
101                android:value="androidx.startup" />
101-->[androidx.lifecycle:lifecycle-process:2.4.1] AndroidManifest.xml:33:17-49
102        </provider>
103
104        <uses-library
104-->[androidx.window:window:1.0.0] AndroidManifest.xml:25:9-27:40
105            android:name="androidx.window.extensions"
105-->[androidx.window:window:1.0.0] AndroidManifest.xml:26:13-54
106            android:required="false" />
106-->[androidx.window:window:1.0.0] AndroidManifest.xml:27:13-37
107        <uses-library
107-->[androidx.window:window:1.0.0] AndroidManifest.xml:28:9-30:40
108            android:name="androidx.window.sidecar"
108-->[androidx.window:window:1.0.0] AndroidManifest.xml:29:13-51
109            android:required="false" />
109-->[androidx.window:window:1.0.0] AndroidManifest.xml:30:13-37
110    </application>
111
112</manifest>